Thu May 17 2018 20:59:26 GMT-0400 (EDT): GET /
Thu May 17 2018 20:59:42 GMT-0400 (EDT): GET /about
Thu May 17 2018 21:06:14 GMT-0400 (EDT): GET /about
Thu May 17 2018 21:06:20 GMT-0400 (EDT): GET /
Thu May 17 2018 21:07:36 GMT-0400 (EDT): GET /
Thu May 17 2018 21:07:45 GMT-0400 (EDT): GET /help.html
Thu May 17 2018 21:07:48 GMT-0400 (EDT): GET /help.html
Thu May 17 2018 21:11:53 GMT-0400 (EDT): GET /help.html
Thu May 17 2018 21:11:54 GMT-0400 (EDT): GET /help.html
Thu May 17 2018 21:12:04 GMT-0400 (EDT): GET /help.html
Thu May 17 2018 21:12:08 GMT-0400 (EDT): GET /
Thu May 17 2018 21:12:11 GMT-0400 (EDT): GET /about
Thu May 17 2018 21:12:12 GMT-0400 (EDT): GET /
Thu May 17 2018 21:12:13 GMT-0400 (EDT): GET /about
Thu May 17 2018 21:45:03 GMT-0400 (EDT): GET /
Tue Jun 29 2021 12:09:44 GMT+0530 (India Standard Time): GET /
Tue Jun 29 2021 12:09:45 GMT+0530 (India Standard Time): GET /favicon.ico
Tue Jun 29 2021 12:09:47 GMT+0530 (India Standard Time): GET /
Tue Jun 29 2021 12:09:49 GMT+0530 (India Standard Time): GET /
Tue Jun 29 2021 12:09:51 GMT+0530 (India Standard Time): GET /about
Tue Jun 29 2021 12:09:52 GMT+0530 (India Standard Time): GET /
Tue Jun 29 2021 12:19:44 GMT+0530 (India Standard Time): GET /
Tue Jun 29 2021 12:19:44 GMT+0530 (India Standard Time): GET /favicon.ico
